<?xml version="1.0" encoding="UTF-8"?>
<testsuite name="tests.WebConfigTests" tests="2" skipped="1" failures="0" errors="0" timestamp="2021-07-20T13:15:18" hostname="MBP-Ilnar.Dlink" time="0.049">
  <properties/>
  <testcase name="runWithRemoteConfigFile()" classname="tests.WebConfigTests" time="0.001">
    <skipped/>
  </testcase>
  <testcase name="runWithLocalConfigFile()" classname="tests.WebConfigTests" time="0.046"/>
  <system-out><![CDATA[]]></system-out>
  <system-err><![CDATA[]]></system-err>
</testsuite>
