<?xml version="1.0" encoding="UTF-8"?>
<testsuite name="tests.TestsWithApiConfig" tests="2" skipped="1" failures="0" errors="0" timestamp="2021-07-20T13:54:28" hostname="MBP-Ilnar.Dlink" time="0.041">
  <properties/>
  <testcase name="getTokenFromSystemProperties()" classname="tests.TestsWithApiConfig" time="0.001">
    <skipped/>
  </testcase>
  <testcase name="getTokenFromFile()" classname="tests.TestsWithApiConfig" time="0.035"/>
  <system-out><![CDATA[]]></system-out>
  <system-err><![CDATA[]]></system-err>
</testsuite>
